{"C:\\CURSO\\exercicio-js\\src\\usuario.js": {"path":"C:\\CURSO\\exercicio-js\\src\\usuario.js","statementMap":{"0":{"start":{"line":3,"column":16},"end":{"line":8,"column":1}},"1":{"start":{"line":12,"column":24},"end":{"line":17,"column":1}},"2":{"start":{"line":21,"column":2},"end":{"line":25,"column":3}},"3":{"start":{"line":22,"column":4},"end":{"line":22,"column":15}},"4":{"start":{"line":24,"column":4},"end":{"line":24,"column":16}},"5":{"start":{"line":31,"column":2},"end":{"line":31,"column":28}},"6":{"start":{"line":36,"column":2},"end":{"line":40,"column":3}},"7":{"start":{"line":37,"column":4},"end":{"line":37,"column":15}},"8":{"start":{"line":39,"column":4},"end":{"line":39,"column":16}},"9":{"start":{"line":45,"column":21},"end":{"line":45,"column":55}},"10":{"start":{"line":46,"column":22},"end":{"line":46,"column":49}},"11":{"start":{"line":47,"column":16},"end":{"line":47,"column":37}},"12":{"start":{"line":49,"column":2},"end":{"line":49,"column":43}},"13":{"start":{"line":52,"column":0},"end":{"line":57,"column":1}}},"fnMap":{"0":{"name":"verificarMaiorIdade","decl":{"start":{"line":20,"column":9},"end":{"line":20,"column":28}},"loc":{"start":{"line":20,"column":36},"end":{"line":27,"column":1}},"line":20},"1":{"name":"validarEmail","decl":{"start":{"line":30,"column":9},"end":{"line":30,"column":21}},"loc":{"start":{"line":30,"column":29},"end":{"line":32,"column":1}},"line":30},"2":{"name":"usuarioAtivo","decl":{"start":{"line":35,"column":9},"end":{"line":35,"column":21}},"loc":{"start":{"line":35,"column":31},"end":{"line":41,"column":1}},"line":35},"3":{"name":"validarCadastro","decl":{"start":{"line":43,"column":9},"end":{"line":43,"column":24}},"loc":{"start":{"line":43,"column":34},"end":{"line":50,"column":1}},"line":43}},"branchMap":{"0":{"loc":{"start":{"line":21,"column":2},"end":{"line":25,"column":3}},"type":"if","locations":[{"start":{"line":21,"column":2},"end":{"line":25,"column":3}},{"start":{"line":23,"column":9},"end":{"line":25,"column":3}}],"line":21},"1":{"loc":{"start":{"line":36,"column":2},"end":{"line":40,"column":3}},"type":"if","locations":[{"start":{"line":36,"column":2},"end":{"line":40,"column":3}},{"start":{"line":38,"column":9},"end":{"line":40,"column":3}}],"line":36},"2":{"loc":{"start":{"line":49,"column":9},"end":{"line":49,"column":43}},"type":"binary-expr","locations":[{"start":{"line":49,"column":9},"end":{"line":49,"column":19}},{"start":{"line":49,"column":23},"end":{"line":49,"column":34}},{"start":{"line":49,"column":38},"end":{"line":49,"column":43}}],"line":49}},"s":{"0":1,"1":1,"2":19,"3":10,"4":9,"5":18,"6":18,"7":9,"8":9,"9":16,"10":16,"11":16,"12":16,"13":1},"f":{"0":19,"1":18,"2":18,"3":16},"b":{"0":[10,9],"1":[9,9],"2":[16,8,4]},"_coverageSchema":"1a1c01bbd47fc00a2c39e90264f33305004495a9","hash":"caf0e5b4ee86370d2aadb8ac5416ee513c9ce1f3"}
}
